<?xml version="1.0" encoding="UTF-8"?>
<!-- Generated by org.testng.reporters.JUnitReportReporter -->
<testsuite hostname="DESKTOP-OR6VU5V" name="IEBrowser.InternetExploreBrowser" tests="1" failures="0" timestamp="30 Jul 2020 19:17:53 GMT" time="7.676" errors="0">
  <testcase name="IEBrowserLaunch64" time="7.676" classname="IEBrowser.InternetExploreBrowser"/>
</testsuite> <!-- IEBrowser.InternetExploreBrowser -->
