<?xml version="1.0" encoding="UTF-8"?>
<!-- Generated by org.testng.reporters.JUnitReportReporter -->
<testsuite hostname="DESKTOP-OR6VU5V" name="IEBrowser.IEBrowser" tests="1" failures="0" timestamp="30 Jul 2020 19:20:47 GMT" time="4.052" errors="0">
  <testcase name="IEBrowserLaunch32" time="4.052" classname="IEBrowser.IEBrowser"/>
</testsuite> <!-- IEBrowser.IEBrowser -->
