<?xml version="1.0" encoding="UTF-8"?>
<!-- Generated by org.testng.reporters.JUnitReportReporter -->
<testsuite hostname="DESKTOP-OR6VU5V" name="browsersLaunch.FireFoxByAssertion" tests="1" failures="0" timestamp="30 Jul 2020 18:36:37 GMT" time="23.707" errors="0">
  <testcase name="FirefoxBrowser" time="23.707" classname="browsersLaunch.FireFoxByAssertion"/>
</testsuite> <!-- browsersLaunch.FireFoxByAssertion -->
