<?xml version="1.0" encoding="UTF-8"?>
<!-- Generated by org.testng.reporters.JUnitReportReporter -->
<testsuite hostname="DESKTOP-OR6VU5V" name="ChromeLaunch.DemoChromeBrowser" tests="1" failures="0" timestamp="30 Jul 2020 19:10:02 GMT" time="16.084" errors="0">
  <testcase name="Browser" time="16.084" classname="ChromeLaunch.DemoChromeBrowser"/>
</testsuite> <!-- ChromeLaunch.DemoChromeBrowser -->
