<?xml version="1.0" encoding="UTF-8"?>
<!-- Generated by org.testng.reporters.JUnitReportReporter -->
<testsuite hostname="DESKTOP-OR6VU5V" name="browsersLaunch.FirefoxTestNG" tests="1" failures="0" timestamp="30 Jul 2020 18:11:22 GMT" time="24.448" errors="0">
  <testcase name="ChromeBrowser" time="24.448" classname="browsersLaunch.FirefoxTestNG"/>
</testsuite> <!-- browsersLaunch.FirefoxTestNG -->
